[debug] [2020-04-13T10:04:45.005Z] ----------------------------------------------------------------------
[debug] [2020-04-13T10:04:45.007Z] Command:       /usr/bin/node /usr/bin/firebase emulators:start
[debug] [2020-04-13T10:04:45.008Z] CLI Version:   8.0.2
[debug] [2020-04-13T10:04:45.008Z] Platform:      linux
[debug] [2020-04-13T10:04:45.008Z] Node Version:  v12.13.1
[debug] [2020-04-13T10:04:45.008Z] Time:          Mon Apr 13 2020 13:04:45 GMT+0300 (East Africa Time)
[debug] [2020-04-13T10:04:45.009Z] ----------------------------------------------------------------------
[debug] [2020-04-13T10:04:45.009Z] 
[debug] [2020-04-13T10:04:45.113Z] > command requires scopes: ["email","openid","https://www.googleapis.com/auth/cloudplatformprojects.readonly","https://www.googleapis.com/auth/firebase","https://www.googleapis.com/auth/cloud-platform"]
[debug] [2020-04-13T10:04:45.114Z] > authorizing via signed-in user
[info] i  emulators: Starting emulators: functions, hosting
[debug] [2020-04-13T10:04:45.165Z] [hub] writing locator at /tmp/hub-fir-hosting-d9f62.json
[info] ✔  hub: emulator hub started at http://localhost:4400
[warn] ⚠  Your requested "node" version "8" doesn't match your global version "12"
[info] ✔  functions: functions emulator started at http://localhost:5001
[debug] [2020-04-13T10:04:45.210Z] > refreshing access token with scopes: ["email","https://www.googleapis.com/auth/cloud-platform","https://www.googleapis.com/auth/cloudplatformprojects.readonly","https://www.googleapis.com/auth/firebase","openid"]
[debug] [2020-04-13T10:04:45.210Z] >>> HTTP REQUEST POST https://www.googleapis.com/oauth2/v3/token  
 <request body omitted>
[debug] [2020-04-13T10:04:45.772Z] <<< HTTP RESPONSE 200 {"content-type":"application/json; charset=utf-8","vary":"X-Origin, Referer, Origin,Accept-Encoding","date":"Mon, 13 Apr 2020 10:04:45 GMT","server":"scaffolding on HTTPServer2","cache-control":"private","x-xss-protection":"0","x-frame-options":"SAMEORIGIN","x-content-type-options":"nosniff","alt-svc":"quic=\":443\"; ma=2592000; v=\"46,43\",h3-Q050=\":443\"; ma=2592000,h3-Q049=\":443\"; ma=2592000,h3-Q048=\":443\"; ma=2592000,h3-Q046=\":443\"; ma=2592000,h3-Q043=\":443\"; ma=2592000,h3-T050=\":443\"; ma=2592000","accept-ranges":"none","transfer-encoding":"chunked"}
[debug] [2020-04-13T10:04:45.915Z] >>> HTTP REQUEST GET https://firebase.googleapis.com/v1beta1/projects/fir-hosting-d9f62/webApps/-/config  
 
[debug] [2020-04-13T10:04:47.808Z] <<< HTTP RESPONSE 200 {"content-type":"application/json; charset=UTF-8","vary":"X-Origin, Referer, Origin,Accept-Encoding","date":"Mon, 13 Apr 2020 10:04:47 GMT","server":"ESF","cache-control":"private","x-xss-protection":"0","x-frame-options":"SAMEORIGIN","x-content-type-options":"nosniff","alt-svc":"quic=\":443\"; ma=2592000; v=\"46,43\",h3-Q050=\":443\"; ma=2592000,h3-Q049=\":443\"; ma=2592000,h3-Q048=\":443\"; ma=2592000,h3-Q046=\":443\"; ma=2592000,h3-Q043=\":443\"; ma=2592000,h3-T050=\":443\"; ma=2592000","accept-ranges":"none","transfer-encoding":"chunked"}
[info] i  hosting: Serving hosting files from: public
[info] ✔  hosting: Local server: http://localhost:5000
[info] ✔  hosting: hosting emulator started at http://localhost:5000
[info] i  functions: Watching "/home/leiro/Desktop/covid-19/functions" for Cloud Functions...
[debug] [2020-04-13T10:04:48.139Z] [worker-pool] addWorker(~diagnostic~) 
[debug] [2020-04-13T10:04:48.139Z] [worker-pool] Adding worker with key ~diagnostic~, total=1 
[debug] [2020-04-13T10:04:48.140Z] [worker-pool] submitWork(triggerId=) 
[debug] [2020-04-13T10:04:48.140Z] [worker-~diagnostic~-8ab8e888-0ce9-4a1b-b45b-f78a2a1eb8b2]: Assigning socketPath: /tmp/fire_emu_7142.sock 
[debug] [2020-04-13T10:04:48.141Z] [worker-~diagnostic~-8ab8e888-0ce9-4a1b-b45b-f78a2a1eb8b2]: BUSY 
[debug] [2020-04-13T10:04:48.421Z] [runtime-status] [7142] Functions runtime initialized. {"cwd":"/home/leiro/Desktop/covid-19/functions","node_version":"12.13.1"} 
[debug] [2020-04-13T10:04:48.425Z] [runtime-status] [7142] Disabled runtime features: undefined 
[debug] [2020-04-13T10:04:48.427Z] [runtime-status] [7142] Resolved module firebase-admin {"declared":true,"installed":true,"version":"8.10.0","resolution":"/home/leiro/Desktop/covid-19/functions/node_modules/firebase-admin/lib/index.js"} 
[debug] [2020-04-13T10:04:48.430Z] [runtime-status] [7142] Resolved module firebase-functions {"declared":true,"installed":true,"version":"3.6.0","resolution":"/home/leiro/Desktop/covid-19/functions/node_modules/firebase-functions/lib/index.js"} 
[warn] ⚠  functions: Your GOOGLE_APPLICATION_CREDENTIALS environment variable points to /home/leiro/Desktop/covid-19/firebase.json. Non-emulated services will access production using these credentials. Be careful!
[debug] [2020-04-13T10:04:48.434Z] [runtime-status] [7142] Outgoing network have been stubbed. [{"name":"http","status":"mocked"},{"name":"http","status":"mocked"},{"name":"https","status":"mocked"},{"name":"https","status":"mocked"},{"name":"net","status":"mocked"}] 
[debug] [2020-04-13T10:04:48.486Z] [runtime-status] [7142] Checked functions.config() {"config":{}} 
[debug] [2020-04-13T10:04:48.488Z] [runtime-status] [7142] Resolved module firebase-functions {"declared":true,"installed":true,"version":"3.6.0","resolution":"/home/leiro/Desktop/covid-19/functions/node_modules/firebase-functions/lib/index.js"} 
[debug] [2020-04-13T10:04:48.489Z] [runtime-status] [7142] Resolved module firebase-admin {"declared":true,"installed":true,"version":"8.10.0","resolution":"/home/leiro/Desktop/covid-19/functions/node_modules/firebase-admin/lib/index.js"} 
[debug] [2020-04-13T10:04:48.490Z] [runtime-status] [7142] Resolved module firebase-functions {"declared":true,"installed":true,"version":"3.6.0","resolution":"/home/leiro/Desktop/covid-19/functions/node_modules/firebase-functions/lib/index.js"} 
[debug] [2020-04-13T10:04:48.490Z] [runtime-status] [7142] firebase-admin has been stubbed. {"adminResolution":{"declared":true,"installed":true,"version":"8.10.0","resolution":"/home/leiro/Desktop/covid-19/functions/node_modules/firebase-admin/lib/index.js"}} 
[info] ✔  emulators: All emulators started, it is now safe to connect.
[debug] [2020-04-13T10:04:48.629Z] [worker-~diagnostic~-8ab8e888-0ce9-4a1b-b45b-f78a2a1eb8b2]: IDLE 
[debug] [2020-04-13T10:06:53.383Z] File /home/leiro/Desktop/covid-19/functions/main.bundle.css changed, reloading triggers 
[debug] [2020-04-13T10:06:53.384Z] File /home/leiro/Desktop/covid-19/functions/index.js changed, reloading triggers 
[debug] [2020-04-13T10:06:53.385Z] File /home/leiro/Desktop/covid-19/functions/main.bundle.css.map changed, reloading triggers 
[debug] [2020-04-13T10:06:53.385Z] File /home/leiro/Desktop/covid-19/functions/index.js.map changed, reloading triggers 
[debug] [2020-04-13T10:06:54.385Z] [worker-pool] Shutting down IDLE worker (~diagnostic~) 
[debug] [2020-04-13T10:06:54.386Z] [worker-~diagnostic~-8ab8e888-0ce9-4a1b-b45b-f78a2a1eb8b2]: FINISHING 
[debug] [2020-04-13T10:06:54.401Z] [worker-pool] addWorker(~diagnostic~) 
[debug] [2020-04-13T10:06:54.401Z] [worker-pool] Adding worker with key ~diagnostic~, total=2 
[debug] [2020-04-13T10:06:54.401Z] [worker-pool] submitWork(triggerId=) 
[debug] [2020-04-13T10:06:54.402Z] [worker-~diagnostic~-8199a31e-8988-4c4d-a0b8-5c6dd7d13d3b]: Assigning socketPath: /tmp/fire_emu_7368.sock 
[debug] [2020-04-13T10:06:54.402Z] [worker-~diagnostic~-8199a31e-8988-4c4d-a0b8-5c6dd7d13d3b]: BUSY 
[debug] [2020-04-13T10:06:54.405Z] [worker-~diagnostic~-8ab8e888-0ce9-4a1b-b45b-f78a2a1eb8b2]: exited 
[debug] [2020-04-13T10:06:54.406Z] [worker-~diagnostic~-8ab8e888-0ce9-4a1b-b45b-f78a2a1eb8b2]: FINISHED 
[debug] [2020-04-13T10:06:54.951Z] [runtime-status] [7368] Functions runtime initialized. {"cwd":"/home/leiro/Desktop/covid-19/functions","node_version":"12.13.1"} 
[debug] [2020-04-13T10:06:54.956Z] [runtime-status] [7368] Disabled runtime features: undefined 
[debug] [2020-04-13T10:06:54.960Z] [runtime-status] [7368] Resolved module firebase-admin {"declared":true,"installed":true,"version":"8.10.0","resolution":"/home/leiro/Desktop/covid-19/functions/node_modules/firebase-admin/lib/index.js"} 
[debug] [2020-04-13T10:06:54.965Z] [runtime-status] [7368] Resolved module firebase-functions {"declared":true,"installed":true,"version":"3.6.0","resolution":"/home/leiro/Desktop/covid-19/functions/node_modules/firebase-functions/lib/index.js"} 
[warn] ⚠  functions: Your GOOGLE_APPLICATION_CREDENTIALS environment variable points to /home/leiro/Desktop/covid-19/firebase.json. Non-emulated services will access production using these credentials. Be careful!
[debug] [2020-04-13T10:06:54.967Z] [runtime-status] [7368] Outgoing network have been stubbed. [{"name":"http","status":"mocked"},{"name":"http","status":"mocked"},{"name":"https","status":"mocked"},{"name":"https","status":"mocked"},{"name":"net","status":"mocked"}] 
[debug] [2020-04-13T10:06:55.011Z] [runtime-status] [7368] Checked functions.config() {"config":{}} 
[debug] [2020-04-13T10:06:55.012Z] [runtime-status] [7368] Resolved module firebase-functions {"declared":true,"installed":true,"version":"3.6.0","resolution":"/home/leiro/Desktop/covid-19/functions/node_modules/firebase-functions/lib/index.js"} 
[debug] [2020-04-13T10:06:55.013Z] [runtime-status] [7368] Resolved module firebase-admin {"declared":true,"installed":true,"version":"8.10.0","resolution":"/home/leiro/Desktop/covid-19/functions/node_modules/firebase-admin/lib/index.js"} 
[debug] [2020-04-13T10:06:55.014Z] [runtime-status] [7368] Resolved module firebase-functions {"declared":true,"installed":true,"version":"3.6.0","resolution":"/home/leiro/Desktop/covid-19/functions/node_modules/firebase-functions/lib/index.js"} 
[debug] [2020-04-13T10:06:55.016Z] [runtime-status] [7368] firebase-admin has been stubbed. {"adminResolution":{"declared":true,"installed":true,"version":"8.10.0","resolution":"/home/leiro/Desktop/covid-19/functions/node_modules/firebase-admin/lib/index.js"}} 
[debug] [2020-04-13T10:06:55.096Z] [worker-~diagnostic~-8199a31e-8988-4c4d-a0b8-5c6dd7d13d3b]: IDLE 
[debug] [2020-04-13T10:08:33.906Z] File /home/leiro/Desktop/covid-19/functions/main.bundle.css changed, reloading triggers 
[debug] [2020-04-13T10:08:33.906Z] File /home/leiro/Desktop/covid-19/functions/index.js changed, reloading triggers 
[debug] [2020-04-13T10:08:33.906Z] File /home/leiro/Desktop/covid-19/functions/main.bundle.css.map changed, reloading triggers 
[debug] [2020-04-13T10:08:33.906Z] File /home/leiro/Desktop/covid-19/functions/index.js.map changed, reloading triggers 
[debug] [2020-04-13T10:08:34.907Z] [worker-pool] Shutting down IDLE worker (~diagnostic~) 
[debug] [2020-04-13T10:08:34.908Z] [worker-~diagnostic~-8199a31e-8988-4c4d-a0b8-5c6dd7d13d3b]: FINISHING 
[debug] [2020-04-13T10:08:34.908Z] [worker-pool] Cleaned up workers for ~diagnostic~: 2 --> 1 
[debug] [2020-04-13T10:08:34.918Z] [worker-pool] addWorker(~diagnostic~) 
[debug] [2020-04-13T10:08:34.919Z] [worker-pool] Adding worker with key ~diagnostic~, total=2 
[debug] [2020-04-13T10:08:34.919Z] [worker-pool] submitWork(triggerId=) 
[debug] [2020-04-13T10:08:34.919Z] [worker-~diagnostic~-578eb0c2-e68c-459a-bdfa-a56a3fce74ab]: Assigning socketPath: /tmp/fire_emu_7517.sock 
[debug] [2020-04-13T10:08:34.919Z] [worker-~diagnostic~-578eb0c2-e68c-459a-bdfa-a56a3fce74ab]: BUSY 
[debug] [2020-04-13T10:08:34.921Z] [worker-~diagnostic~-8199a31e-8988-4c4d-a0b8-5c6dd7d13d3b]: exited 
[debug] [2020-04-13T10:08:34.921Z] [worker-~diagnostic~-8199a31e-8988-4c4d-a0b8-5c6dd7d13d3b]: FINISHED 
[debug] [2020-04-13T10:08:35.160Z] [runtime-status] [7517] Functions runtime initialized. {"cwd":"/home/leiro/Desktop/covid-19/functions","node_version":"12.13.1"} 
[debug] [2020-04-13T10:08:35.164Z] [runtime-status] [7517] Disabled runtime features: undefined 
[debug] [2020-04-13T10:08:35.167Z] [runtime-status] [7517] Resolved module firebase-admin {"declared":true,"installed":true,"version":"8.10.0","resolution":"/home/leiro/Desktop/covid-19/functions/node_modules/firebase-admin/lib/index.js"} 
[debug] [2020-04-13T10:08:35.168Z] [runtime-status] [7517] Resolved module firebase-functions {"declared":true,"installed":true,"version":"3.6.0","resolution":"/home/leiro/Desktop/covid-19/functions/node_modules/firebase-functions/lib/index.js"} 
[warn] ⚠  functions: Your GOOGLE_APPLICATION_CREDENTIALS environment variable points to /home/leiro/Desktop/covid-19/firebase.json. Non-emulated services will access production using these credentials. Be careful!
[debug] [2020-04-13T10:08:35.172Z] [runtime-status] [7517] Outgoing network have been stubbed. [{"name":"http","status":"mocked"},{"name":"http","status":"mocked"},{"name":"https","status":"mocked"},{"name":"https","status":"mocked"},{"name":"net","status":"mocked"}] 
[debug] [2020-04-13T10:08:35.216Z] [runtime-status] [7517] Checked functions.config() {"config":{}} 
[debug] [2020-04-13T10:08:35.218Z] [runtime-status] [7517] Resolved module firebase-functions {"declared":true,"installed":true,"version":"3.6.0","resolution":"/home/leiro/Desktop/covid-19/functions/node_modules/firebase-functions/lib/index.js"} 
[debug] [2020-04-13T10:08:35.218Z] [runtime-status] [7517] Resolved module firebase-admin {"declared":true,"installed":true,"version":"8.10.0","resolution":"/home/leiro/Desktop/covid-19/functions/node_modules/firebase-admin/lib/index.js"} 
[debug] [2020-04-13T10:08:35.219Z] [runtime-status] [7517] Resolved module firebase-functions {"declared":true,"installed":true,"version":"3.6.0","resolution":"/home/leiro/Desktop/covid-19/functions/node_modules/firebase-functions/lib/index.js"} 
[debug] [2020-04-13T10:08:35.219Z] [runtime-status] [7517] firebase-admin has been stubbed. {"adminResolution":{"declared":true,"installed":true,"version":"8.10.0","resolution":"/home/leiro/Desktop/covid-19/functions/node_modules/firebase-admin/lib/index.js"}} 
[debug] [2020-04-13T10:08:35.284Z] [worker-~diagnostic~-578eb0c2-e68c-459a-bdfa-a56a3fce74ab]: IDLE 
[debug] [2020-04-13T10:11:27.896Z] File /home/leiro/Desktop/covid-19/functions/main.bundle.css changed, reloading triggers 
[debug] [2020-04-13T10:11:27.897Z] File /home/leiro/Desktop/covid-19/functions/index.js changed, reloading triggers 
[debug] [2020-04-13T10:11:27.897Z] File /home/leiro/Desktop/covid-19/functions/main.bundle.css.map changed, reloading triggers 
[debug] [2020-04-13T10:11:27.897Z] File /home/leiro/Desktop/covid-19/functions/index.js.map changed, reloading triggers 
[debug] [2020-04-13T10:11:28.897Z] [worker-pool] Shutting down IDLE worker (~diagnostic~) 
[debug] [2020-04-13T10:11:28.897Z] [worker-~diagnostic~-578eb0c2-e68c-459a-bdfa-a56a3fce74ab]: FINISHING 
[debug] [2020-04-13T10:11:28.898Z] [worker-pool] Cleaned up workers for ~diagnostic~: 2 --> 1 
[debug] [2020-04-13T10:11:28.906Z] [worker-pool] addWorker(~diagnostic~) 
[debug] [2020-04-13T10:11:28.907Z] [worker-pool] Adding worker with key ~diagnostic~, total=2 
[debug] [2020-04-13T10:11:28.909Z] [worker-pool] submitWork(triggerId=) 
[debug] [2020-04-13T10:11:28.909Z] [worker-~diagnostic~-f1365dce-fedf-4c8d-89b1-6d1b3554c33b]: Assigning socketPath: /tmp/fire_emu_7929.sock 
[debug] [2020-04-13T10:11:28.909Z] [worker-~diagnostic~-f1365dce-fedf-4c8d-89b1-6d1b3554c33b]: BUSY 
[debug] [2020-04-13T10:11:28.911Z] [worker-~diagnostic~-578eb0c2-e68c-459a-bdfa-a56a3fce74ab]: exited 
[debug] [2020-04-13T10:11:28.911Z] [worker-~diagnostic~-578eb0c2-e68c-459a-bdfa-a56a3fce74ab]: FINISHED 
[debug] [2020-04-13T10:11:29.358Z] [runtime-status] [7929] Functions runtime initialized. {"cwd":"/home/leiro/Desktop/covid-19/functions","node_version":"12.13.1"} 
[debug] [2020-04-13T10:11:29.361Z] [runtime-status] [7929] Disabled runtime features: undefined 
[debug] [2020-04-13T10:11:29.364Z] [runtime-status] [7929] Resolved module firebase-admin {"declared":true,"installed":true,"version":"8.10.0","resolution":"/home/leiro/Desktop/covid-19/functions/node_modules/firebase-admin/lib/index.js"} 
[debug] [2020-04-13T10:11:29.366Z] [runtime-status] [7929] Resolved module firebase-functions {"declared":true,"installed":true,"version":"3.6.0","resolution":"/home/leiro/Desktop/covid-19/functions/node_modules/firebase-functions/lib/index.js"} 
[warn] ⚠  functions: Your GOOGLE_APPLICATION_CREDENTIALS environment variable points to /home/leiro/Desktop/covid-19/firebase.json. Non-emulated services will access production using these credentials. Be careful!
[debug] [2020-04-13T10:11:29.371Z] [runtime-status] [7929] Outgoing network have been stubbed. [{"name":"http","status":"mocked"},{"name":"http","status":"mocked"},{"name":"https","status":"mocked"},{"name":"https","status":"mocked"},{"name":"net","status":"mocked"}] 
[debug] [2020-04-13T10:11:29.421Z] [runtime-status] [7929] Checked functions.config() {"config":{}} 
[debug] [2020-04-13T10:11:29.423Z] [runtime-status] [7929] Resolved module firebase-functions {"declared":true,"installed":true,"version":"3.6.0","resolution":"/home/leiro/Desktop/covid-19/functions/node_modules/firebase-functions/lib/index.js"} 
[debug] [2020-04-13T10:11:29.424Z] [runtime-status] [7929] Resolved module firebase-admin {"declared":true,"installed":true,"version":"8.10.0","resolution":"/home/leiro/Desktop/covid-19/functions/node_modules/firebase-admin/lib/index.js"} 
[debug] [2020-04-13T10:11:29.426Z] [runtime-status] [7929] Resolved module firebase-functions {"declared":true,"installed":true,"version":"3.6.0","resolution":"/home/leiro/Desktop/covid-19/functions/node_modules/firebase-functions/lib/index.js"} 
[debug] [2020-04-13T10:11:29.426Z] [runtime-status] [7929] firebase-admin has been stubbed. {"adminResolution":{"declared":true,"installed":true,"version":"8.10.0","resolution":"/home/leiro/Desktop/covid-19/functions/node_modules/firebase-admin/lib/index.js"}} 
[debug] [2020-04-13T10:11:29.512Z] [worker-~diagnostic~-f1365dce-fedf-4c8d-89b1-6d1b3554c33b]: IDLE 
[debug] [2020-04-13T10:21:51.793Z] File /home/leiro/Desktop/covid-19/functions/index.js changed, reloading triggers 
[debug] [2020-04-13T10:21:51.794Z] File /home/leiro/Desktop/covid-19/functions/main.bundle.css changed, reloading triggers 
[debug] [2020-04-13T10:21:51.794Z] File /home/leiro/Desktop/covid-19/functions/main.bundle.css.map changed, reloading triggers 
[debug] [2020-04-13T10:21:51.794Z] File /home/leiro/Desktop/covid-19/functions/index.js.map changed, reloading triggers 
[debug] [2020-04-13T10:21:52.794Z] [worker-pool] Shutting down IDLE worker (~diagnostic~) 
[debug] [2020-04-13T10:21:52.794Z] [worker-~diagnostic~-f1365dce-fedf-4c8d-89b1-6d1b3554c33b]: FINISHING 
[debug] [2020-04-13T10:21:52.795Z] [worker-pool] Cleaned up workers for ~diagnostic~: 2 --> 1 
[debug] [2020-04-13T10:21:52.803Z] [worker-pool] addWorker(~diagnostic~) 
[debug] [2020-04-13T10:21:52.803Z] [worker-pool] Adding worker with key ~diagnostic~, total=2 
[debug] [2020-04-13T10:21:52.803Z] [worker-pool] submitWork(triggerId=) 
[debug] [2020-04-13T10:21:52.803Z] [worker-~diagnostic~-d9548a5c-2f8f-4c9f-9ca2-21df95b3fd69]: Assigning socketPath: /tmp/fire_emu_8520.sock 
[debug] [2020-04-13T10:21:52.803Z] [worker-~diagnostic~-d9548a5c-2f8f-4c9f-9ca2-21df95b3fd69]: BUSY 
[debug] [2020-04-13T10:21:52.805Z] [worker-~diagnostic~-f1365dce-fedf-4c8d-89b1-6d1b3554c33b]: exited 
[debug] [2020-04-13T10:21:52.805Z] [worker-~diagnostic~-f1365dce-fedf-4c8d-89b1-6d1b3554c33b]: FINISHED 
[debug] [2020-04-13T10:21:53.187Z] [runtime-status] [8520] Functions runtime initialized. {"cwd":"/home/leiro/Desktop/covid-19/functions","node_version":"12.13.1"} 
[debug] [2020-04-13T10:21:53.209Z] [runtime-status] [8520] Disabled runtime features: undefined 
[debug] [2020-04-13T10:21:53.210Z] [runtime-status] [8520] Resolved module firebase-admin {"declared":true,"installed":true,"version":"8.10.0","resolution":"/home/leiro/Desktop/covid-19/functions/node_modules/firebase-admin/lib/index.js"} 
[debug] [2020-04-13T10:21:53.210Z] [runtime-status] [8520] Resolved module firebase-functions {"declared":true,"installed":true,"version":"3.6.0","resolution":"/home/leiro/Desktop/covid-19/functions/node_modules/firebase-functions/lib/index.js"} 
[warn] ⚠  functions: Your GOOGLE_APPLICATION_CREDENTIALS environment variable points to /home/leiro/Desktop/covid-19/firebase.json. Non-emulated services will access production using these credentials. Be careful!
[debug] [2020-04-13T10:21:53.216Z] [runtime-status] [8520] Outgoing network have been stubbed. [{"name":"http","status":"mocked"},{"name":"http","status":"mocked"},{"name":"https","status":"mocked"},{"name":"https","status":"mocked"},{"name":"net","status":"mocked"}] 
[debug] [2020-04-13T10:21:53.266Z] [runtime-status] [8520] Checked functions.config() {"config":{}} 
[debug] [2020-04-13T10:21:53.267Z] [runtime-status] [8520] Resolved module firebase-functions {"declared":true,"installed":true,"version":"3.6.0","resolution":"/home/leiro/Desktop/covid-19/functions/node_modules/firebase-functions/lib/index.js"} 
[debug] [2020-04-13T10:21:53.268Z] [runtime-status] [8520] Resolved module firebase-admin {"declared":true,"installed":true,"version":"8.10.0","resolution":"/home/leiro/Desktop/covid-19/functions/node_modules/firebase-admin/lib/index.js"} 
[debug] [2020-04-13T10:21:53.268Z] [runtime-status] [8520] Resolved module firebase-functions {"declared":true,"installed":true,"version":"3.6.0","resolution":"/home/leiro/Desktop/covid-19/functions/node_modules/firebase-functions/lib/index.js"} 
[debug] [2020-04-13T10:21:53.269Z] [runtime-status] [8520] firebase-admin has been stubbed. {"adminResolution":{"declared":true,"installed":true,"version":"8.10.0","resolution":"/home/leiro/Desktop/covid-19/functions/node_modules/firebase-admin/lib/index.js"}} 
[debug] [2020-04-13T10:21:53.385Z] [worker-~diagnostic~-d9548a5c-2f8f-4c9f-9ca2-21df95b3fd69]: IDLE 
[debug] [2020-04-13T10:29:09.813Z] File /home/leiro/Desktop/covid-19/functions/main.bundle.css changed, reloading triggers 
[debug] [2020-04-13T10:29:09.814Z] File /home/leiro/Desktop/covid-19/functions/index.js changed, reloading triggers 
[debug] [2020-04-13T10:29:09.814Z] File /home/leiro/Desktop/covid-19/functions/main.bundle.css.map changed, reloading triggers 
[debug] [2020-04-13T10:29:09.814Z] File /home/leiro/Desktop/covid-19/functions/index.js.map changed, reloading triggers 
[debug] [2020-04-13T10:29:10.814Z] [worker-pool] Shutting down IDLE worker (~diagnostic~) 
[debug] [2020-04-13T10:29:10.814Z] [worker-~diagnostic~-d9548a5c-2f8f-4c9f-9ca2-21df95b3fd69]: FINISHING 
[debug] [2020-04-13T10:29:10.814Z] [worker-pool] Cleaned up workers for ~diagnostic~: 2 --> 1 
[debug] [2020-04-13T10:29:10.821Z] [worker-pool] addWorker(~diagnostic~) 
[debug] [2020-04-13T10:29:10.821Z] [worker-pool] Adding worker with key ~diagnostic~, total=2 
[debug] [2020-04-13T10:29:10.821Z] [worker-pool] submitWork(triggerId=) 
[debug] [2020-04-13T10:29:10.821Z] [worker-~diagnostic~-a7c42ec8-e91c-4617-94b4-a53c078e1c58]: Assigning socketPath: /tmp/fire_emu_8844.sock 
[debug] [2020-04-13T10:29:10.821Z] [worker-~diagnostic~-a7c42ec8-e91c-4617-94b4-a53c078e1c58]: BUSY 
[debug] [2020-04-13T10:29:10.824Z] [worker-~diagnostic~-d9548a5c-2f8f-4c9f-9ca2-21df95b3fd69]: exited 
[debug] [2020-04-13T10:29:10.824Z] [worker-~diagnostic~-d9548a5c-2f8f-4c9f-9ca2-21df95b3fd69]: FINISHED 
[debug] [2020-04-13T10:29:11.143Z] [runtime-status] [8844] Functions runtime initialized. {"cwd":"/home/leiro/Desktop/covid-19/functions","node_version":"12.13.1"} 
[debug] [2020-04-13T10:29:11.147Z] [runtime-status] [8844] Disabled runtime features: undefined 
[debug] [2020-04-13T10:29:11.150Z] [runtime-status] [8844] Resolved module firebase-admin {"declared":true,"installed":true,"version":"8.10.0","resolution":"/home/leiro/Desktop/covid-19/functions/node_modules/firebase-admin/lib/index.js"} 
[debug] [2020-04-13T10:29:11.152Z] [runtime-status] [8844] Resolved module firebase-functions {"declared":true,"installed":true,"version":"3.6.0","resolution":"/home/leiro/Desktop/covid-19/functions/node_modules/firebase-functions/lib/index.js"} 
[warn] ⚠  functions: Your GOOGLE_APPLICATION_CREDENTIALS environment variable points to /home/leiro/Desktop/covid-19/firebase.json. Non-emulated services will access production using these credentials. Be careful!
[debug] [2020-04-13T10:29:11.156Z] [runtime-status] [8844] Outgoing network have been stubbed. [{"name":"http","status":"mocked"},{"name":"http","status":"mocked"},{"name":"https","status":"mocked"},{"name":"https","status":"mocked"},{"name":"net","status":"mocked"}] 
[debug] [2020-04-13T10:29:11.205Z] [runtime-status] [8844] Checked functions.config() {"config":{}} 
[debug] [2020-04-13T10:29:11.208Z] [runtime-status] [8844] Resolved module firebase-functions {"declared":true,"installed":true,"version":"3.6.0","resolution":"/home/leiro/Desktop/covid-19/functions/node_modules/firebase-functions/lib/index.js"} 
[debug] [2020-04-13T10:29:11.210Z] [runtime-status] [8844] Resolved module firebase-admin {"declared":true,"installed":true,"version":"8.10.0","resolution":"/home/leiro/Desktop/covid-19/functions/node_modules/firebase-admin/lib/index.js"} 
[debug] [2020-04-13T10:29:11.210Z] [runtime-status] [8844] Resolved module firebase-functions {"declared":true,"installed":true,"version":"3.6.0","resolution":"/home/leiro/Desktop/covid-19/functions/node_modules/firebase-functions/lib/index.js"} 
[debug] [2020-04-13T10:29:11.210Z] [runtime-status] [8844] firebase-admin has been stubbed. {"adminResolution":{"declared":true,"installed":true,"version":"8.10.0","resolution":"/home/leiro/Desktop/covid-19/functions/node_modules/firebase-admin/lib/index.js"}} 
[debug] [2020-04-13T10:29:11.327Z] [worker-~diagnostic~-a7c42ec8-e91c-4617-94b4-a53c078e1c58]: IDLE 
